<?xml version="1.0" encoding="UTF-8"?>
<!-- Generated by org.testng.reporters.JUnitReportReporter -->
<testsuite hostname="MCDS" failures="0" tests="1" name="script.ValidLogin" time="19.917" errors="0" timestamp="2023-06-26T08:40:18 IST" skipped="0">
  <testcase classname="script.ValidLogin" name="testValidLogin" time="19.917">
    <system-out>
      <![CDATA[Home Page is Displayed]]>
    </system-out>
  </testcase> <!-- testValidLogin -->
  <system-out>
    <![CDATA[Home Page is Displayed]]>
  </system-out>
</testsuite> <!-- script.ValidLogin -->
